<?xml version="1.0" encoding="UTF-8"?>
<!-- Generated by org.testng.reporters.JUnitReportReporter -->
<testsuite hostname="WIN-119DS0L7J2D" failures="0" tests="1" name="Admin_SmokeTest.Testcase_H5p" time="0.000" errors="0" timestamp="2024-02-10T13:57:23 IRST" skipped="1">
  <testcase classname="Admin_SmokeTest.Testcase_H5p" name="f" time="0.000">
    <skipped/>
  </testcase> <!-- f -->
  <system-out/>
</testsuite> <!-- Admin_SmokeTest.Testcase_H5p -->
